<?xml version="1.0" encoding="UTF-8"?>
<coverage generated="1750706317965" clover="3.2.0">
  <project timestamp="1750706317965" name="All files">
    <metrics statements="144" coveredstatements="144" conditionals="32" coveredconditionals="26" methods="40" coveredmethods="40" elements="216" coveredelements="210" complexity="0" loc="144" ncloc="144" packages="1" files="1" classes="1"/>
    <file name="performance.ts" path="/workspace/src/utils/performance.ts">
      <metrics statements="144" coveredstatements="144" conditionals="32" coveredconditionals="26" methods="40" coveredmethods="40"/>
      <line num="7" count="1" type="stmt"/>
      <line num="10" count="1" type="stmt"/>
      <line num="11" count="1" type="stmt"/>
      <line num="50" count="1" type="stmt"/>
      <line num="51" count="6" type="cond" truecount="1" falsecount="0"/>
      <line num="53" count="10" type="stmt"/>
      <line num="54" count="4" type="stmt"/>
      <line num="56" count="4" type="stmt"/>
      <line num="57" count="8" type="stmt"/>
      <line num="58" count="8" type="stmt"/>
      <line num="60" count="8" type="cond" truecount="1" falsecount="0"/>
      <line num="61" count="7" type="stmt"/>
      <line num="62" count="7" type="stmt"/>
      <line num="69" count="4" type="stmt"/>
      <line num="79" count="1" type="stmt"/>
      <line num="80" count="14" type="cond" truecount="4" falsecount="0"/>
      <line num="81" count="4" type="stmt"/>
      <line num="85" count="10" type="stmt"/>
      <line num="86" count="10" type="stmt"/>
      <line num="87" count="10" type="stmt"/>
      <line num="90" count="10" type="stmt"/>
      <line num="100" count="1" type="stmt"/>
      <line num="104" count="2" type="stmt"/>
      <line num="107" count="2" type="stmt"/>
      <line num="110" count="2" type="stmt"/>
      <line num="111" count="2" type="stmt"/>
      <line num="117" count="2" type="stmt"/>
      <line num="118" count="2872" type="stmt"/>
      <line num="120" count="2872" type="cond" truecount="2" falsecount="0"/>
      <line num="124" count="2872" type="cond" truecount="2" falsecount="0"/>
      <line num="128" count="2872" type="cond" truecount="2" falsecount="0"/>
      <line num="132" count="2872" type="stmt"/>
      <line num="140" count="2" type="stmt"/>
      <line num="148" count="1" type="stmt"/>
      <line num="149" count="5" type="cond" truecount="1" falsecount="0"/>
      <line num="150" count="1" type="stmt"/>
      <line num="153" count="17" type="stmt"/>
      <line num="155" count="4" type="stmt"/>
      <line num="156" count="4" type="stmt"/>
      <line num="157" count="4" type="stmt"/>
      <line num="158" count="4" type="stmt"/>
      <line num="159" count="4" type="stmt"/>
      <line num="160" count="4" type="stmt"/>
      <line num="162" count="4" type="stmt"/>
      <line num="164" count="21" type="cond" truecount="1" falsecount="0"/>
      <line num="165" count="6" type="stmt"/>
      <line num="166" count="6" type="stmt"/>
      <line num="170" count="21" type="cond" truecount="1" falsecount="1"/>
      <line num="171" count="21" type="stmt"/>
      <line num="177" count="21" type="cond" truecount="1" falsecount="0"/>
      <line num="178" count="7" type="stmt"/>
      <line num="179" count="7" type="stmt"/>
      <line num="180" count="7" type="stmt"/>
      <line num="184" count="4" type="cond" truecount="2" falsecount="0"/>
      <line num="186" count="4" type="stmt"/>
      <line num="200" count="1" type="stmt"/>
      <line num="201" count="5" type="cond" truecount="1" falsecount="0"/>
      <line num="203" count="17" type="stmt"/>
      <line num="204" count="4" type="stmt"/>
      <line num="206" count="4" type="stmt"/>
      <line num="215" count="1" type="stmt"/>
      <line num="219" count="5" type="cond" truecount="1" falsecount="0"/>
      <line num="221" count="19" type="stmt"/>
      <line num="222" count="19" type="stmt"/>
      <line num="225" count="19" type="stmt"/>
      <line num="226" count="4" type="cond" truecount="1" falsecount="0"/>
      <line num="228" count="6" type="stmt"/>
      <line num="229" count="6" type="stmt"/>
      <line num="230" count="3" type="stmt"/>
      <line num="232" count="3" type="cond" truecount="0" falsecount="1"/>
      <line num="235" count="3" type="stmt"/>
      <line num="236" count="3" type="stmt"/>
      <line num="238" count="3" type="stmt"/>
      <line num="240" count="3" type="stmt"/>
      <line num="249" count="1" type="stmt"/>
      <line num="253" count="4" type="stmt"/>
      <line num="255" count="4" type="cond" truecount="1" falsecount="0"/>
      <line num="258" count="3" type="stmt"/>
      <line num="259" count="3" type="stmt"/>
      <line num="260" count="11" type="stmt"/>
      <line num="261" count="11" type="stmt"/>
      <line num="265" count="11" type="stmt"/>
      <line num="268" count="11" type="stmt"/>
      <line num="269" count="11" type="stmt"/>
      <line num="270" count="3" type="stmt"/>
      <line num="272" count="3" type="cond" truecount="1" falsecount="0"/>
      <line num="275" count="2" type="stmt"/>
      <line num="276" count="2" type="stmt"/>
      <line num="278" count="2" type="stmt"/>
      <line num="280" count="2" type="stmt"/>
      <line num="292" count="2885" type="stmt"/>
      <line num="293" count="2884" type="stmt"/>
      <line num="295" count="2885" type="stmt"/>
      <line num="296" count="6" type="stmt"/>
      <line num="298" count="6" type="stmt"/>
      <line num="299" count="6" type="stmt"/>
      <line num="301" count="6" type="stmt"/>
      <line num="302" count="2883" type="stmt"/>
      <line num="303" count="2883" type="stmt"/>
      <line num="305" count="2883" type="stmt"/>
      <line num="306" count="2883" type="stmt"/>
      <line num="309" count="6" type="stmt"/>
      <line num="323" count="3783" type="stmt"/>
      <line num="324" count="3783" type="stmt"/>
      <line num="327" count="4068792" type="stmt"/>
      <line num="328" count="4068792" type="stmt"/>
      <line num="331" count="3783" type="stmt"/>
      <line num="332" count="3783" type="stmt"/>
      <line num="334" count="3783" type="stmt"/>
      <line num="335" count="3783" type="stmt"/>
      <line num="338" count="3783" type="stmt"/>
      <line num="340" count="3783" type="stmt"/>
      <line num="346" count="1" type="stmt"/>
      <line num="350" count="5" type="stmt"/>
      <line num="357" count="2220" type="stmt"/>
      <line num="358" count="2220" type="stmt"/>
      <line num="368" count="1000" type="stmt"/>
      <line num="369" count="1000" type="stmt"/>
      <line num="371" count="1000" type="stmt"/>
      <line num="372" count="1000" type="stmt"/>
      <line num="381" count="1" type="stmt"/>
      <line num="382" count="3" type="cond" truecount="1" falsecount="0"/>
      <line num="384" count="10" type="stmt"/>
      <line num="385" count="10" type="stmt"/>
      <line num="387" count="10" type="stmt"/>
      <line num="388" count="10" type="stmt"/>
      <line num="389" count="2" type="stmt"/>
      <line num="392" count="2" type="stmt"/>
      <line num="394" count="2" type="stmt"/>
      <line num="403" count="1" type="stmt"/>
      <line num="407" count="5" type="cond" truecount="1" falsecount="0"/>
      <line num="409" count="16" type="stmt"/>
      <line num="410" count="16" type="stmt"/>
      <line num="413" count="4" type="stmt"/>
      <line num="416" count="16" type="stmt"/>
      <line num="417" count="16" type="stmt"/>
      <line num="420" count="16" type="stmt"/>
      <line num="421" count="16" type="stmt"/>
      <line num="422" count="4" type="stmt"/>
      <line num="424" count="4" type="cond" truecount="1" falsecount="0"/>
      <line num="427" count="3" type="stmt"/>
      <line num="428" count="3" type="stmt"/>
      <line num="430" count="3" type="stmt"/>
      <line num="432" count="3" type="stmt"/>
    </file>
  </project>
</coverage>
