{"/workspace/src/utils/performance.ts": {"path":"/workspace/src/utils/performance.ts","statementMap":{"0":{"start":{"line":50,"column":0},"end":{"line":50,"column":16}},"1":{"start":{"line":87,"column":0},"end":{"line":87,"column":16}},"2":{"start":{"line":108,"column":0},"end":{"line":108,"column":16}},"3":{"start":{"line":156,"column":0},"end":{"line":156,"column":16}},"4":{"start":{"line":208,"column":0},"end":{"line":208,"column":16}},"5":{"start":{"line":223,"column":0},"end":{"line":223,"column":16}},"6":{"start":{"line":257,"column":0},"end":{"line":257,"column":16}},"7":{"start":{"line":389,"column":0},"end":{"line":389,"column":16}},"8":{"start":{"line":411,"column":0},"end":{"line":411,"column":16}},"9":{"start":{"line":7,"column":0},"end":{"line":7,"column":37}},"10":{"start":{"line":10,"column":13},"end":{"line":10,"column":24}},"11":{"start":{"line":11,"column":0},"end":{"line":14,"column":3}},"12":{"start":{"line":51,"column":2},"end":{"line":51,"column":35}},"13":{"start":{"line":51,"column":25},"end":{"line":51,"column":35}},"14":{"start":{"line":53,"column":23},"end":{"line":53,"column":86}},"15":{"start":{"line":53,"column":50},"end":{"line":53,"column":85}},"16":{"start":{"line":54,"column":32},"end":{"line":54,"column":34}},"17":{"start":{"line":56,"column":2},"end":{"line":75,"column":3}},"18":{"start":{"line":56,"column":15},"end":{"line":56,"column":16}},"19":{"start":{"line":57,"column":22},"end":{"line":57,"column":47}},"20":{"start":{"line":58,"column":22},"end":{"line":58,"column":43}},"21":{"start":{"line":61,"column":4},"end":{"line":69,"column":5}},"22":{"start":{"line":62,"column":6},"end":{"line":65,"column":7}},"23":{"start":{"line":64,"column":8},"end":{"line":64,"column":17}},"24":{"start":{"line":66,"column":6},"end":{"line":66,"column":57}},"25":{"start":{"line":68,"column":6},"end":{"line":68,"column":56}},"26":{"start":{"line":71,"column":4},"end":{"line":74,"column":7}},"27":{"start":{"line":77,"column":2},"end":{"line":77,"column":17}},"28":{"start":{"line":88,"column":2},"end":{"line":90,"column":3}},"29":{"start":{"line":89,"column":4},"end":{"line":89,"column":51}},"30":{"start":{"line":93,"column":16},"end":{"line":93,"column":37}},"31":{"start":{"line":94,"column":19},"end":{"line":94,"column":28}},"32":{"start":{"line":95,"column":15},"end":{"line":95,"column":44}},"33":{"start":{"line":98,"column":2},"end":{"line":98,"column":42}},"34":{"start":{"line":112,"column":40},"end":{"line":112,"column":42}},"35":{"start":{"line":115,"column":22},"end":{"line":115,"column":75}},"36":{"start":{"line":118,"column":29},"end":{"line":118,"column":32}},"37":{"start":{"line":119,"column":18},"end":{"line":123,"column":4}},"38":{"start":{"line":125,"column":2},"end":{"line":146,"column":3}},"39":{"start":{"line":125,"column":15},"end":{"line":125,"column":16}},"40":{"start":{"line":126,"column":24},"end":{"line":126,"column":53}},"41":{"start":{"line":128,"column":21},"end":{"line":130,"column":12}},"42":{"start":{"line":132,"column":21},"end":{"line":134,"column":12}},"43":{"start":{"line":136,"column":22},"end":{"line":138,"column":12}},"44":{"start":{"line":140,"column":4},"end":{"line":145,"column":7}},"45":{"start":{"line":148,"column":2},"end":{"line":148,"column":17}},"46":{"start":{"line":157,"column":2},"end":{"line":159,"column":3}},"47":{"start":{"line":158,"column":4},"end":{"line":158,"column":52}},"48":{"start":{"line":161,"column":23},"end":{"line":161,"column":86}},"49":{"start":{"line":161,"column":50},"end":{"line":161,"column":85}},"50":{"start":{"line":163,"column":20},"end":{"line":163,"column":21}},"51":{"start":{"line":164,"column":25},"end":{"line":164,"column":45}},"52":{"start":{"line":165,"column":23},"end":{"line":165,"column":43}},"53":{"start":{"line":166,"column":13},"end":{"line":166,"column":34}},"54":{"start":{"line":167,"column":17},"end":{"line":167,"column":37}},"55":{"start":{"line":168,"column":66},"end":{"line":168,"column":68}},"56":{"start":{"line":170,"column":2},"end":{"line":190,"column":3}},"57":{"start":{"line":172,"column":4},"end":{"line":175,"column":5}},"58":{"start":{"line":173,"column":6},"end":{"line":173,"column":25}},"59":{"start":{"line":174,"column":6},"end":{"line":174,"column":28}},"60":{"start":{"line":178,"column":28},"end":{"line":178,"column":70}},"61":{"start":{"line":179,"column":4},"end":{"line":182,"column":7}},"62":{"start":{"line":185,"column":4},"end":{"line":189,"column":5}},"63":{"start":{"line":186,"column":6},"end":{"line":186,"column":36}},"64":{"start":{"line":187,"column":6},"end":{"line":187,"column":34}},"65":{"start":{"line":188,"column":6},"end":{"line":188,"column":34}},"66":{"start":{"line":192,"column":23},"end":{"line":192,"column":79}},"67":{"start":{"line":194,"column":2},"end":{"line":200,"column":4}},"68":{"start":{"line":209,"column":2},"end":{"line":209,"column":37}},"69":{"start":{"line":209,"column":28},"end":{"line":209,"column":37}},"70":{"start":{"line":211,"column":26},"end":{"line":211,"column":66}},"71":{"start":{"line":211,"column":46},"end":{"line":211,"column":58}},"72":{"start":{"line":212,"column":19},"end":{"line":212,"column":51}},"73":{"start":{"line":214,"column":2},"end":{"line":214,"column":46}},"74":{"start":{"line":227,"column":2},"end":{"line":227,"column":37}},"75":{"start":{"line":227,"column":28},"end":{"line":227,"column":37}},"76":{"start":{"line":229,"column":23},"end":{"line":229,"column":49}},"77":{"start":{"line":229,"column":40},"end":{"line":229,"column":48}},"78":{"start":{"line":230,"column":20},"end":{"line":230,"column":85}},"79":{"start":{"line":230,"column":52},"end":{"line":230,"column":59}},"80":{"start":{"line":233,"column":26},"end":{"line":233,"column":68}},"81":{"start":{"line":233,"column":51},"end":{"line":233,"column":67}},"82":{"start":{"line":234,"column":2},"end":{"line":234,"column":52}},"83":{"start":{"line":234,"column":36},"end":{"line":234,"column":52}},"84":{"start":{"line":236,"column":26},"end":{"line":236,"column":81}},"85":{"start":{"line":236,"column":51},"end":{"line":236,"column":80}},"86":{"start":{"line":237,"column":27},"end":{"line":237,"column":92}},"87":{"start":{"line":237,"column":63},"end":{"line":237,"column":71}},"88":{"start":{"line":238,"column":28},"end":{"line":238,"column":55}},"89":{"start":{"line":240,"column":2},"end":{"line":240,"column":47}},"90":{"start":{"line":240,"column":31},"end":{"line":240,"column":47}},"91":{"start":{"line":243,"column":33},"end":{"line":243,"column":65}},"92":{"start":{"line":244,"column":38},"end":{"line":244,"column":72}},"93":{"start":{"line":246,"column":23},"end":{"line":246,"column":75}},"94":{"start":{"line":248,"column":2},"end":{"line":248,"column":50}},"95":{"start":{"line":261,"column":22},"end":{"line":261,"column":75}},"96":{"start":{"line":263,"column":2},"end":{"line":263,"column":51}},"97":{"start":{"line":263,"column":42},"end":{"line":263,"column":51}},"98":{"start":{"line":266,"column":34},"end":{"line":266,"column":36}},"99":{"start":{"line":267,"column":2},"end":{"line":270,"column":3}},"100":{"start":{"line":267,"column":15},"end":{"line":267,"column":16}},"101":{"start":{"line":268,"column":25},"end":{"line":268,"column":90}},"102":{"start":{"line":269,"column":4},"end":{"line":269,"column":37}},"103":{"start":{"line":273,"column":26},"end":{"line":273,"column":93}},"104":{"start":{"line":273,"column":59},"end":{"line":273,"column":66}},"105":{"start":{"line":276,"column":23},"end":{"line":276,"column":79}},"106":{"start":{"line":276,"column":46},"end":{"line":276,"column":78}},"107":{"start":{"line":277,"column":19},"end":{"line":277,"column":93}},"108":{"start":{"line":277,"column":52},"end":{"line":277,"column":60}},"109":{"start":{"line":278,"column":24},"end":{"line":278,"column":43}},"110":{"start":{"line":280,"column":2},"end":{"line":280,"column":36}},"111":{"start":{"line":280,"column":27},"end":{"line":280,"column":36}},"112":{"start":{"line":283,"column":33},"end":{"line":283,"column":54}},"113":{"start":{"line":284,"column":34},"end":{"line":284,"column":64}},"114":{"start":{"line":286,"column":27},"end":{"line":286,"column":75}},"115":{"start":{"line":288,"column":2},"end":{"line":288,"column":54}},"116":{"start":{"line":300,"column":19},"end":{"line":300,"column":71}},"117":{"start":{"line":300,"column":44},"end":{"line":300,"column":69}},"118":{"start":{"line":301,"column":19},"end":{"line":301,"column":71}},"119":{"start":{"line":301,"column":44},"end":{"line":301,"column":69}},"120":{"start":{"line":303,"column":22},"end":{"line":303,"column":84}},"121":{"start":{"line":303,"column":65},"end":{"line":303,"column":83}},"122":{"start":{"line":304,"column":2},"end":{"line":304,"column":21}},"123":{"start":{"line":306,"column":41},"end":{"line":306,"column":43}},"124":{"start":{"line":307,"column":41},"end":{"line":307,"column":43}},"125":{"start":{"line":309,"column":2},"end":{"line":315,"column":3}},"126":{"start":{"line":310,"column":28},"end":{"line":310,"column":50}},"127":{"start":{"line":311,"column":28},"end":{"line":311,"column":50}},"128":{"start":{"line":313,"column":4},"end":{"line":313,"column":43}},"129":{"start":{"line":314,"column":4},"end":{"line":314,"column":43}},"130":{"start":{"line":317,"column":2},"end":{"line":320,"column":4}},"131":{"start":{"line":331,"column":26},"end":{"line":331,"column":75}},"132":{"start":{"line":332,"column":26},"end":{"line":332,"column":75}},"133":{"start":{"line":335,"column":29},"end":{"line":335,"column":92}},"134":{"start":{"line":335,"column":64},"end":{"line":335,"column":84}},"135":{"start":{"line":336,"column":29},"end":{"line":336,"column":92}},"136":{"start":{"line":336,"column":64},"end":{"line":336,"column":84}},"137":{"start":{"line":339,"column":15},"end":{"line":339,"column":37}},"138":{"start":{"line":340,"column":16},"end":{"line":340,"column":26}},"139":{"start":{"line":342,"column":30},"end":{"line":342,"column":77}},"140":{"start":{"line":343,"column":30},"end":{"line":343,"column":77}},"141":{"start":{"line":346,"column":16},"end":{"line":346,"column":57}},"142":{"start":{"line":348,"column":2},"end":{"line":348,"column":43}},"143":{"start":{"line":358,"column":4},"end":{"line":358,"column":21}},"144":{"start":{"line":365,"column":14},"end":{"line":365,"column":43}},"145":{"start":{"line":366,"column":4},"end":{"line":366,"column":29}},"146":{"start":{"line":376,"column":15},"end":{"line":376,"column":26}},"147":{"start":{"line":377,"column":15},"end":{"line":377,"column":26}},"148":{"start":{"line":379,"column":15},"end":{"line":379,"column":72}},"149":{"start":{"line":380,"column":4},"end":{"line":380,"column":30}},"150":{"start":{"line":354,"column":0},"end":{"line":354,"column":13}},"151":{"start":{"line":390,"column":2},"end":{"line":390,"column":35}},"152":{"start":{"line":390,"column":26},"end":{"line":390,"column":35}},"153":{"start":{"line":392,"column":23},"end":{"line":392,"column":49}},"154":{"start":{"line":392,"column":40},"end":{"line":392,"column":48}},"155":{"start":{"line":393,"column":15},"end":{"line":393,"column":80}},"156":{"start":{"line":393,"column":47},"end":{"line":393,"column":54}},"157":{"start":{"line":395,"column":23},"end":{"line":395,"column":67}},"158":{"start":{"line":395,"column":45},"end":{"line":395,"column":66}},"159":{"start":{"line":396,"column":19},"end":{"line":396,"column":92}},"160":{"start":{"line":396,"column":52},"end":{"line":396,"column":60}},"161":{"start":{"line":397,"column":26},"end":{"line":397,"column":45}},"162":{"start":{"line":400,"column":31},"end":{"line":400,"column":63}},"163":{"start":{"line":402,"column":2},"end":{"line":402,"column":58}},"164":{"start":{"line":415,"column":2},"end":{"line":415,"column":37}},"165":{"start":{"line":415,"column":28},"end":{"line":415,"column":37}},"166":{"start":{"line":417,"column":23},"end":{"line":417,"column":49}},"167":{"start":{"line":417,"column":40},"end":{"line":417,"column":48}},"168":{"start":{"line":418,"column":20},"end":{"line":418,"column":85}},"169":{"start":{"line":418,"column":52},"end":{"line":418,"column":59}},"170":{"start":{"line":421,"column":28},"end":{"line":421,"column":65}},"171":{"start":{"line":424,"column":24},"end":{"line":424,"column":68}},"172":{"start":{"line":424,"column":46},"end":{"line":424,"column":67}},"173":{"start":{"line":425,"column":26},"end":{"line":425,"column":93}},"174":{"start":{"line":425,"column":59},"end":{"line":425,"column":66}},"175":{"start":{"line":428,"column":23},"end":{"line":428,"column":72}},"176":{"start":{"line":428,"column":45},"end":{"line":428,"column":71}},"177":{"start":{"line":429,"column":19},"end":{"line":429,"column":92}},"178":{"start":{"line":429,"column":52},"end":{"line":429,"column":60}},"179":{"start":{"line":430,"column":17},"end":{"line":430,"column":36}},"180":{"start":{"line":432,"column":2},"end":{"line":432,"column":29}},"181":{"start":{"line":432,"column":20},"end":{"line":432,"column":29}},"182":{"start":{"line":435,"column":33},"end":{"line":435,"column":54}},"183":{"start":{"line":436,"column":27},"end":{"line":436,"column":50}},"184":{"start":{"line":438,"column":22},"end":{"line":438,"column":63}},"185":{"start":{"line":440,"column":2},"end":{"line":440,"column":49}}},"fnMap":{"0":{"name":"calculateReturns","decl":{"start":{"line":50,"column":16},"end":{"line":50,"column":32}},"loc":{"start":{"line":50,"column":52},"end":{"line":78,"column":1}}},"1":{"name":"(anonymous_1)","decl":{"start":{"line":53,"column":40},"end":{"line":53,"column":41}},"loc":{"start":{"line":53,"column":50},"end":{"line":53,"column":85}}},"2":{"name":"calculateCAGR","decl":{"start":{"line":87,"column":16},"end":{"line":87,"column":29}},"loc":{"start":{"line":87,"column":81},"end":{"line":99,"column":1}}},"3":{"name":"calculateRollingAlpha","decl":{"start":{"line":108,"column":16},"end":{"line":108,"column":37}},"loc":{"start":{"line":110,"column":32},"end":{"line":149,"column":1}}},"4":{"name":"calculateMaxDrawdown","decl":{"start":{"line":156,"column":16},"end":{"line":156,"column":36}},"loc":{"start":{"line":156,"column":56},"end":{"line":201,"column":1}}},"5":{"name":"(anonymous_5)","decl":{"start":{"line":161,"column":40},"end":{"line":161,"column":41}},"loc":{"start":{"line":161,"column":50},"end":{"line":161,"column":85}}},"6":{"name":"calculateHitRatio","decl":{"start":{"line":208,"column":16},"end":{"line":208,"column":33}},"loc":{"start":{"line":208,"column":55},"end":{"line":215,"column":1}}},"7":{"name":"(anonymous_7)","decl":{"start":{"line":211,"column":41},"end":{"line":211,"column":42}},"loc":{"start":{"line":211,"column":46},"end":{"line":211,"column":58}}},"8":{"name":"calculateSortinoRatio","decl":{"start":{"line":223,"column":16},"end":{"line":223,"column":37}},"loc":{"start":{"line":225,"column":26},"end":{"line":249,"column":1}}},"9":{"name":"(anonymous_9)","decl":{"start":{"line":229,"column":35},"end":{"line":229,"column":36}},"loc":{"start":{"line":229,"column":40},"end":{"line":229,"column":48}}},"10":{"name":"(anonymous_10)","decl":{"start":{"line":230,"column":40},"end":{"line":230,"column":41}},"loc":{"start":{"line":230,"column":52},"end":{"line":230,"column":59}}},"11":{"name":"(anonymous_11)","decl":{"start":{"line":233,"column":46},"end":{"line":233,"column":47}},"loc":{"start":{"line":233,"column":51},"end":{"line":233,"column":67}}},"12":{"name":"(anonymous_12)","decl":{"start":{"line":236,"column":46},"end":{"line":236,"column":47}},"loc":{"start":{"line":236,"column":51},"end":{"line":236,"column":80}}},"13":{"name":"(anonymous_13)","decl":{"start":{"line":237,"column":50},"end":{"line":237,"column":51}},"loc":{"start":{"line":237,"column":63},"end":{"line":237,"column":71}}},"14":{"name":"calculateInformationRatio","decl":{"start":{"line":257,"column":16},"end":{"line":257,"column":41}},"loc":{"start":{"line":259,"column":32},"end":{"line":289,"column":1}}},"15":{"name":"(anonymous_15)","decl":{"start":{"line":273,"column":47},"end":{"line":273,"column":48}},"loc":{"start":{"line":273,"column":59},"end":{"line":273,"column":66}}},"16":{"name":"(anonymous_16)","decl":{"start":{"line":276,"column":41},"end":{"line":276,"column":42}},"loc":{"start":{"line":276,"column":46},"end":{"line":276,"column":78}}},"17":{"name":"(anonymous_17)","decl":{"start":{"line":277,"column":39},"end":{"line":277,"column":40}},"loc":{"start":{"line":277,"column":52},"end":{"line":277,"column":60}}},"18":{"name":"alignReturnSeries","decl":{"start":{"line":296,"column":9},"end":{"line":296,"column":26}},"loc":{"start":{"line":298,"column":23},"end":{"line":321,"column":1}}},"19":{"name":"(anonymous_19)","decl":{"start":{"line":300,"column":39},"end":{"line":300,"column":40}},"loc":{"start":{"line":300,"column":44},"end":{"line":300,"column":69}}},"20":{"name":"(anonymous_20)","decl":{"start":{"line":301,"column":39},"end":{"line":301,"column":40}},"loc":{"start":{"line":301,"column":44},"end":{"line":301,"column":69}}},"21":{"name":"(anonymous_21)","decl":{"start":{"line":303,"column":57},"end":{"line":303,"column":61}},"loc":{"start":{"line":303,"column":65},"end":{"line":303,"column":83}}},"22":{"name":"calculatePeriodAlpha","decl":{"start":{"line":326,"column":9},"end":{"line":326,"column":29}},"loc":{"start":{"line":329,"column":18},"end":{"line":349,"column":1}}},"23":{"name":"(anonymous_23)","decl":{"start":{"line":335,"column":52},"end":{"line":335,"column":53}},"loc":{"start":{"line":335,"column":64},"end":{"line":335,"column":84}}},"24":{"name":"(anonymous_24)","decl":{"start":{"line":336,"column":52},"end":{"line":336,"column":53}},"loc":{"start":{"line":336,"column":64},"end":{"line":336,"column":84}}},"25":{"name":"(anonymous_25)","decl":{"start":{"line":357,"column":2},"end":{"line":357,"column":14}},"loc":{"start":{"line":357,"column":26},"end":{"line":359,"column":3}}},"26":{"name":"(anonymous_26)","decl":{"start":{"line":364,"column":2},"end":{"line":364,"column":6}},"loc":{"start":{"line":364,"column":6},"end":{"line":367,"column":3}}},"27":{"name":"(anonymous_27)","decl":{"start":{"line":374,"column":2},"end":{"line":374,"column":14}},"loc":{"start":{"line":374,"column":51},"end":{"line":381,"column":3}}},"28":{"name":"calculateVolatility","decl":{"start":{"line":389,"column":16},"end":{"line":389,"column":35}},"loc":{"start":{"line":389,"column":57},"end":{"line":403,"column":1}}},"29":{"name":"(anonymous_29)","decl":{"start":{"line":392,"column":35},"end":{"line":392,"column":36}},"loc":{"start":{"line":392,"column":40},"end":{"line":392,"column":48}}},"30":{"name":"(anonymous_30)","decl":{"start":{"line":393,"column":35},"end":{"line":393,"column":36}},"loc":{"start":{"line":393,"column":47},"end":{"line":393,"column":54}}},"31":{"name":"(anonymous_31)","decl":{"start":{"line":395,"column":40},"end":{"line":395,"column":41}},"loc":{"start":{"line":395,"column":45},"end":{"line":395,"column":66}}},"32":{"name":"(anonymous_32)","decl":{"start":{"line":396,"column":39},"end":{"line":396,"column":40}},"loc":{"start":{"line":396,"column":52},"end":{"line":396,"column":60}}},"33":{"name":"calculateSharpeRatio","decl":{"start":{"line":411,"column":16},"end":{"line":411,"column":36}},"loc":{"start":{"line":413,"column":29},"end":{"line":441,"column":1}}},"34":{"name":"(anonymous_34)","decl":{"start":{"line":417,"column":35},"end":{"line":417,"column":36}},"loc":{"start":{"line":417,"column":40},"end":{"line":417,"column":48}}},"35":{"name":"(anonymous_35)","decl":{"start":{"line":418,"column":40},"end":{"line":418,"column":41}},"loc":{"start":{"line":418,"column":52},"end":{"line":418,"column":59}}},"36":{"name":"(anonymous_36)","decl":{"start":{"line":424,"column":41},"end":{"line":424,"column":42}},"loc":{"start":{"line":424,"column":46},"end":{"line":424,"column":67}}},"37":{"name":"(anonymous_37)","decl":{"start":{"line":425,"column":47},"end":{"line":425,"column":48}},"loc":{"start":{"line":425,"column":59},"end":{"line":425,"column":66}}},"38":{"name":"(anonymous_38)","decl":{"start":{"line":428,"column":40},"end":{"line":428,"column":41}},"loc":{"start":{"line":428,"column":45},"end":{"line":428,"column":71}}},"39":{"name":"(anonymous_39)","decl":{"start":{"line":429,"column":39},"end":{"line":429,"column":40}},"loc":{"start":{"line":429,"column":52},"end":{"line":429,"column":60}}}},"branchMap":{"0":{"loc":{"start":{"line":51,"column":2},"end":{"line":51,"column":35}},"type":"if","locations":[{"start":{"line":51,"column":2},"end":{"line":51,"column":35}}]},"1":{"loc":{"start":{"line":61,"column":4},"end":{"line":69,"column":5}},"type":"if","locations":[{"start":{"line":61,"column":4},"end":{"line":69,"column":5}},{"start":{"line":67,"column":11},"end":{"line":69,"column":5}}]},"2":{"loc":{"start":{"line":62,"column":6},"end":{"line":65,"column":7}},"type":"if","locations":[{"start":{"line":62,"column":6},"end":{"line":65,"column":7}}]},"3":{"loc":{"start":{"line":66,"column":20},"end":{"line":66,"column":56}},"type":"cond-expr","locations":[{"start":{"line":66,"column":36},"end":{"line":66,"column":44}},{"start":{"line":66,"column":47},"end":{"line":66,"column":56}}]},"4":{"loc":{"start":{"line":88,"column":2},"end":{"line":90,"column":3}},"type":"if","locations":[{"start":{"line":88,"column":2},"end":{"line":90,"column":3}}]},"5":{"loc":{"start":{"line":88,"column":6},"end":{"line":88,"column":52}},"type":"binary-expr","locations":[{"start":{"line":88,"column":6},"end":{"line":88,"column":21}},{"start":{"line":88,"column":25},"end":{"line":88,"column":38}},{"start":{"line":88,"column":42},"end":{"line":88,"column":52}}]},"6":{"loc":{"start":{"line":128,"column":21},"end":{"line":130,"column":12}},"type":"cond-expr","locations":[{"start":{"line":129,"column":8},"end":{"line":129,"column":72}},{"start":{"line":130,"column":8},"end":{"line":130,"column":12}}]},"7":{"loc":{"start":{"line":132,"column":21},"end":{"line":134,"column":12}},"type":"cond-expr","locations":[{"start":{"line":133,"column":8},"end":{"line":133,"column":72}},{"start":{"line":134,"column":8},"end":{"line":134,"column":12}}]},"8":{"loc":{"start":{"line":136,"column":22},"end":{"line":138,"column":12}},"type":"cond-expr","locations":[{"start":{"line":137,"column":8},"end":{"line":137,"column":73}},{"start":{"line":138,"column":8},"end":{"line":138,"column":12}}]},"9":{"loc":{"start":{"line":157,"column":2},"end":{"line":159,"column":3}},"type":"if","locations":[{"start":{"line":157,"column":2},"end":{"line":159,"column":3}}]},"10":{"loc":{"start":{"line":172,"column":4},"end":{"line":175,"column":5}},"type":"if","locations":[{"start":{"line":172,"column":4},"end":{"line":175,"column":5}}]},"11":{"loc":{"start":{"line":178,"column":28},"end":{"line":178,"column":70}},"type":"cond-expr","locations":[{"start":{"line":178,"column":39},"end":{"line":178,"column":66}},{"start":{"line":178,"column":69},"end":{"line":178,"column":70}}]},"12":{"loc":{"start":{"line":185,"column":4},"end":{"line":189,"column":5}},"type":"if","locations":[{"start":{"line":185,"column":4},"end":{"line":189,"column":5}}]},"13":{"loc":{"start":{"line":192,"column":23},"end":{"line":192,"column":79}},"type":"binary-expr","locations":[{"start":{"line":192,"column":23},"end":{"line":192,"column":74}},{"start":{"line":192,"column":78},"end":{"line":192,"column":79}}]},"14":{"loc":{"start":{"line":209,"column":2},"end":{"line":209,"column":37}},"type":"if","locations":[{"start":{"line":209,"column":2},"end":{"line":209,"column":37}}]},"15":{"loc":{"start":{"line":225,"column":2},"end":{"line":225,"column":26}},"type":"default-arg","locations":[{"start":{"line":225,"column":25},"end":{"line":225,"column":26}}]},"16":{"loc":{"start":{"line":227,"column":2},"end":{"line":227,"column":37}},"type":"if","locations":[{"start":{"line":227,"column":2},"end":{"line":227,"column":37}}]},"17":{"loc":{"start":{"line":234,"column":2},"end":{"line":234,"column":52}},"type":"if","locations":[{"start":{"line":234,"column":2},"end":{"line":234,"column":52}}]},"18":{"loc":{"start":{"line":240,"column":2},"end":{"line":240,"column":47}},"type":"if","locations":[{"start":{"line":240,"column":2},"end":{"line":240,"column":47}}]},"19":{"loc":{"start":{"line":263,"column":2},"end":{"line":263,"column":51}},"type":"if","locations":[{"start":{"line":263,"column":2},"end":{"line":263,"column":51}}]},"20":{"loc":{"start":{"line":280,"column":2},"end":{"line":280,"column":36}},"type":"if","locations":[{"start":{"line":280,"column":2},"end":{"line":280,"column":36}}]},"21":{"loc":{"start":{"line":374,"column":15},"end":{"line":374,"column":31}},"type":"default-arg","locations":[{"start":{"line":374,"column":30},"end":{"line":374,"column":31}}]},"22":{"loc":{"start":{"line":374,"column":33},"end":{"line":374,"column":51}},"type":"default-arg","locations":[{"start":{"line":374,"column":50},"end":{"line":374,"column":51}}]},"23":{"loc":{"start":{"line":390,"column":2},"end":{"line":390,"column":35}},"type":"if","locations":[{"start":{"line":390,"column":2},"end":{"line":390,"column":35}}]},"24":{"loc":{"start":{"line":413,"column":2},"end":{"line":413,"column":29}},"type":"default-arg","locations":[{"start":{"line":413,"column":25},"end":{"line":413,"column":29}}]},"25":{"loc":{"start":{"line":415,"column":2},"end":{"line":415,"column":37}},"type":"if","locations":[{"start":{"line":415,"column":2},"end":{"line":415,"column":37}}]},"26":{"loc":{"start":{"line":432,"column":2},"end":{"line":432,"column":29}},"type":"if","locations":[{"start":{"line":432,"column":2},"end":{"line":432,"column":29}}]}},"s":{"0":1,"1":1,"2":1,"3":1,"4":1,"5":1,"6":1,"7":1,"8":1,"9":1,"10":1,"11":1,"12":6,"13":2,"14":4,"15":10,"16":4,"17":4,"18":4,"19":8,"20":8,"21":8,"22":1,"23":0,"24":1,"25":7,"26":8,"27":4,"28":14,"29":4,"30":10,"31":10,"32":10,"33":10,"34":2,"35":2,"36":2,"37":2,"38":2,"39":2,"40":2872,"41":2872,"42":2872,"43":2872,"44":2872,"45":2,"46":5,"47":1,"48":4,"49":17,"50":4,"51":4,"52":4,"53":4,"54":4,"55":4,"56":4,"57":21,"58":6,"59":6,"60":21,"61":21,"62":21,"63":7,"64":7,"65":7,"66":4,"67":4,"68":5,"69":1,"70":4,"71":17,"72":4,"73":4,"74":5,"75":1,"76":4,"77":19,"78":4,"79":19,"80":4,"81":19,"82":4,"83":1,"84":3,"85":6,"86":3,"87":6,"88":3,"89":3,"90":0,"91":3,"92":3,"93":3,"94":3,"95":4,"96":4,"97":1,"98":3,"99":3,"100":3,"101":11,"102":11,"103":3,"104":11,"105":3,"106":11,"107":3,"108":11,"109":3,"110":3,"111":1,"112":2,"113":2,"114":2,"115":2,"116":6,"117":2885,"118":6,"119":2884,"120":6,"121":2885,"122":6,"123":6,"124":6,"125":6,"126":2883,"127":2883,"128":2883,"129":2883,"130":6,"131":3783,"132":3783,"133":3783,"134":4068792,"135":3783,"136":4068792,"137":3783,"138":3783,"139":3783,"140":3783,"141":3783,"142":3783,"143":5,"144":2220,"145":2220,"146":1000,"147":1000,"148":1000,"149":1000,"150":1,"151":3,"152":1,"153":2,"154":10,"155":2,"156":10,"157":2,"158":10,"159":2,"160":10,"161":2,"162":2,"163":2,"164":5,"165":1,"166":4,"167":16,"168":4,"169":16,"170":4,"171":4,"172":16,"173":4,"174":16,"175":4,"176":16,"177":4,"178":16,"179":4,"180":4,"181":1,"182":3,"183":3,"184":3,"185":3},"f":{"0":6,"1":10,"2":14,"3":2,"4":5,"5":17,"6":5,"7":17,"8":5,"9":19,"10":19,"11":19,"12":6,"13":6,"14":4,"15":11,"16":11,"17":11,"18":6,"19":2885,"20":2884,"21":2885,"22":3783,"23":4068792,"24":4068792,"25":5,"26":2220,"27":1000,"28":3,"29":10,"30":10,"31":10,"32":10,"33":5,"34":16,"35":16,"36":16,"37":16,"38":16,"39":16},"b":{"0":[2],"1":[1,7],"2":[0],"3":[1,0],"4":[4],"5":[14,12,11],"6":[2017,855],"7":[1513,1359],"8":[253,2619],"9":[1],"10":[6],"11":[21,0],"12":[7],"13":[4,1],"14":[1],"15":[0],"16":[1],"17":[1],"18":[0],"19":[1],"20":[1],"21":[0],"22":[0],"23":[1],"24":[0],"25":[1],"26":[1]}}
}
