{"/workspace/src/utils/performance.ts": {"path":"/workspace/src/utils/performance.ts","statementMap":{"0":{"start":{"line":50,"column":0},"end":{"line":50,"column":16}},"1":{"start":{"line":79,"column":0},"end":{"line":79,"column":16}},"2":{"start":{"line":100,"column":0},"end":{"line":100,"column":16}},"3":{"start":{"line":148,"column":0},"end":{"line":148,"column":16}},"4":{"start":{"line":200,"column":0},"end":{"line":200,"column":16}},"5":{"start":{"line":215,"column":0},"end":{"line":215,"column":16}},"6":{"start":{"line":249,"column":0},"end":{"line":249,"column":16}},"7":{"start":{"line":381,"column":0},"end":{"line":381,"column":16}},"8":{"start":{"line":403,"column":0},"end":{"line":403,"column":16}},"9":{"start":{"line":7,"column":0},"end":{"line":7,"column":37}},"10":{"start":{"line":10,"column":13},"end":{"line":10,"column":24}},"11":{"start":{"line":11,"column":0},"end":{"line":14,"column":3}},"12":{"start":{"line":51,"column":2},"end":{"line":51,"column":35}},"13":{"start":{"line":51,"column":25},"end":{"line":51,"column":35}},"14":{"start":{"line":53,"column":23},"end":{"line":53,"column":86}},"15":{"start":{"line":53,"column":50},"end":{"line":53,"column":85}},"16":{"start":{"line":54,"column":32},"end":{"line":54,"column":34}},"17":{"start":{"line":56,"column":2},"end":{"line":67,"column":3}},"18":{"start":{"line":56,"column":15},"end":{"line":56,"column":16}},"19":{"start":{"line":57,"column":22},"end":{"line":57,"column":47}},"20":{"start":{"line":58,"column":22},"end":{"line":58,"column":43}},"21":{"start":{"line":60,"column":4},"end":{"line":66,"column":5}},"22":{"start":{"line":61,"column":26},"end":{"line":61,"column":61}},"23":{"start":{"line":62,"column":6},"end":{"line":65,"column":9}},"24":{"start":{"line":69,"column":2},"end":{"line":69,"column":17}},"25":{"start":{"line":80,"column":2},"end":{"line":82,"column":3}},"26":{"start":{"line":81,"column":4},"end":{"line":81,"column":51}},"27":{"start":{"line":85,"column":16},"end":{"line":85,"column":37}},"28":{"start":{"line":86,"column":19},"end":{"line":86,"column":28}},"29":{"start":{"line":87,"column":15},"end":{"line":87,"column":44}},"30":{"start":{"line":90,"column":2},"end":{"line":90,"column":42}},"31":{"start":{"line":104,"column":40},"end":{"line":104,"column":42}},"32":{"start":{"line":107,"column":22},"end":{"line":107,"column":75}},"33":{"start":{"line":110,"column":29},"end":{"line":110,"column":32}},"34":{"start":{"line":111,"column":18},"end":{"line":115,"column":4}},"35":{"start":{"line":117,"column":2},"end":{"line":138,"column":3}},"36":{"start":{"line":117,"column":15},"end":{"line":117,"column":16}},"37":{"start":{"line":118,"column":24},"end":{"line":118,"column":53}},"38":{"start":{"line":120,"column":21},"end":{"line":122,"column":12}},"39":{"start":{"line":124,"column":21},"end":{"line":126,"column":12}},"40":{"start":{"line":128,"column":22},"end":{"line":130,"column":12}},"41":{"start":{"line":132,"column":4},"end":{"line":137,"column":7}},"42":{"start":{"line":140,"column":2},"end":{"line":140,"column":17}},"43":{"start":{"line":149,"column":2},"end":{"line":151,"column":3}},"44":{"start":{"line":150,"column":4},"end":{"line":150,"column":52}},"45":{"start":{"line":153,"column":23},"end":{"line":153,"column":86}},"46":{"start":{"line":153,"column":50},"end":{"line":153,"column":85}},"47":{"start":{"line":155,"column":20},"end":{"line":155,"column":21}},"48":{"start":{"line":156,"column":25},"end":{"line":156,"column":45}},"49":{"start":{"line":157,"column":23},"end":{"line":157,"column":43}},"50":{"start":{"line":158,"column":13},"end":{"line":158,"column":34}},"51":{"start":{"line":159,"column":17},"end":{"line":159,"column":37}},"52":{"start":{"line":160,"column":66},"end":{"line":160,"column":68}},"53":{"start":{"line":162,"column":2},"end":{"line":182,"column":3}},"54":{"start":{"line":164,"column":4},"end":{"line":167,"column":5}},"55":{"start":{"line":165,"column":6},"end":{"line":165,"column":25}},"56":{"start":{"line":166,"column":6},"end":{"line":166,"column":28}},"57":{"start":{"line":170,"column":28},"end":{"line":170,"column":70}},"58":{"start":{"line":171,"column":4},"end":{"line":174,"column":7}},"59":{"start":{"line":177,"column":4},"end":{"line":181,"column":5}},"60":{"start":{"line":178,"column":6},"end":{"line":178,"column":36}},"61":{"start":{"line":179,"column":6},"end":{"line":179,"column":34}},"62":{"start":{"line":180,"column":6},"end":{"line":180,"column":34}},"63":{"start":{"line":184,"column":23},"end":{"line":184,"column":79}},"64":{"start":{"line":186,"column":2},"end":{"line":192,"column":4}},"65":{"start":{"line":201,"column":2},"end":{"line":201,"column":37}},"66":{"start":{"line":201,"column":28},"end":{"line":201,"column":37}},"67":{"start":{"line":203,"column":26},"end":{"line":203,"column":66}},"68":{"start":{"line":203,"column":46},"end":{"line":203,"column":58}},"69":{"start":{"line":204,"column":19},"end":{"line":204,"column":51}},"70":{"start":{"line":206,"column":2},"end":{"line":206,"column":46}},"71":{"start":{"line":219,"column":2},"end":{"line":219,"column":37}},"72":{"start":{"line":219,"column":28},"end":{"line":219,"column":37}},"73":{"start":{"line":221,"column":23},"end":{"line":221,"column":49}},"74":{"start":{"line":221,"column":40},"end":{"line":221,"column":48}},"75":{"start":{"line":222,"column":20},"end":{"line":222,"column":85}},"76":{"start":{"line":222,"column":52},"end":{"line":222,"column":59}},"77":{"start":{"line":225,"column":26},"end":{"line":225,"column":68}},"78":{"start":{"line":225,"column":51},"end":{"line":225,"column":67}},"79":{"start":{"line":226,"column":2},"end":{"line":226,"column":52}},"80":{"start":{"line":226,"column":36},"end":{"line":226,"column":52}},"81":{"start":{"line":228,"column":26},"end":{"line":228,"column":81}},"82":{"start":{"line":228,"column":51},"end":{"line":228,"column":80}},"83":{"start":{"line":229,"column":27},"end":{"line":229,"column":92}},"84":{"start":{"line":229,"column":63},"end":{"line":229,"column":71}},"85":{"start":{"line":230,"column":28},"end":{"line":230,"column":55}},"86":{"start":{"line":232,"column":2},"end":{"line":232,"column":47}},"87":{"start":{"line":232,"column":31},"end":{"line":232,"column":47}},"88":{"start":{"line":235,"column":33},"end":{"line":235,"column":65}},"89":{"start":{"line":236,"column":38},"end":{"line":236,"column":72}},"90":{"start":{"line":238,"column":23},"end":{"line":238,"column":75}},"91":{"start":{"line":240,"column":2},"end":{"line":240,"column":50}},"92":{"start":{"line":253,"column":22},"end":{"line":253,"column":75}},"93":{"start":{"line":255,"column":2},"end":{"line":255,"column":51}},"94":{"start":{"line":255,"column":42},"end":{"line":255,"column":51}},"95":{"start":{"line":258,"column":34},"end":{"line":258,"column":36}},"96":{"start":{"line":259,"column":2},"end":{"line":262,"column":3}},"97":{"start":{"line":259,"column":15},"end":{"line":259,"column":16}},"98":{"start":{"line":260,"column":25},"end":{"line":260,"column":90}},"99":{"start":{"line":261,"column":4},"end":{"line":261,"column":37}},"100":{"start":{"line":265,"column":26},"end":{"line":265,"column":93}},"101":{"start":{"line":265,"column":59},"end":{"line":265,"column":66}},"102":{"start":{"line":268,"column":23},"end":{"line":268,"column":79}},"103":{"start":{"line":268,"column":46},"end":{"line":268,"column":78}},"104":{"start":{"line":269,"column":19},"end":{"line":269,"column":93}},"105":{"start":{"line":269,"column":52},"end":{"line":269,"column":60}},"106":{"start":{"line":270,"column":24},"end":{"line":270,"column":43}},"107":{"start":{"line":272,"column":2},"end":{"line":272,"column":36}},"108":{"start":{"line":272,"column":27},"end":{"line":272,"column":36}},"109":{"start":{"line":275,"column":33},"end":{"line":275,"column":54}},"110":{"start":{"line":276,"column":34},"end":{"line":276,"column":64}},"111":{"start":{"line":278,"column":27},"end":{"line":278,"column":75}},"112":{"start":{"line":280,"column":2},"end":{"line":280,"column":54}},"113":{"start":{"line":292,"column":19},"end":{"line":292,"column":71}},"114":{"start":{"line":292,"column":44},"end":{"line":292,"column":69}},"115":{"start":{"line":293,"column":19},"end":{"line":293,"column":71}},"116":{"start":{"line":293,"column":44},"end":{"line":293,"column":69}},"117":{"start":{"line":295,"column":22},"end":{"line":295,"column":84}},"118":{"start":{"line":295,"column":65},"end":{"line":295,"column":83}},"119":{"start":{"line":296,"column":2},"end":{"line":296,"column":21}},"120":{"start":{"line":298,"column":41},"end":{"line":298,"column":43}},"121":{"start":{"line":299,"column":41},"end":{"line":299,"column":43}},"122":{"start":{"line":301,"column":2},"end":{"line":307,"column":3}},"123":{"start":{"line":302,"column":28},"end":{"line":302,"column":50}},"124":{"start":{"line":303,"column":28},"end":{"line":303,"column":50}},"125":{"start":{"line":305,"column":4},"end":{"line":305,"column":43}},"126":{"start":{"line":306,"column":4},"end":{"line":306,"column":43}},"127":{"start":{"line":309,"column":2},"end":{"line":312,"column":4}},"128":{"start":{"line":323,"column":26},"end":{"line":323,"column":75}},"129":{"start":{"line":324,"column":26},"end":{"line":324,"column":75}},"130":{"start":{"line":327,"column":29},"end":{"line":327,"column":92}},"131":{"start":{"line":327,"column":64},"end":{"line":327,"column":84}},"132":{"start":{"line":328,"column":29},"end":{"line":328,"column":92}},"133":{"start":{"line":328,"column":64},"end":{"line":328,"column":84}},"134":{"start":{"line":331,"column":15},"end":{"line":331,"column":37}},"135":{"start":{"line":332,"column":16},"end":{"line":332,"column":26}},"136":{"start":{"line":334,"column":30},"end":{"line":334,"column":77}},"137":{"start":{"line":335,"column":30},"end":{"line":335,"column":77}},"138":{"start":{"line":338,"column":16},"end":{"line":338,"column":57}},"139":{"start":{"line":340,"column":2},"end":{"line":340,"column":43}},"140":{"start":{"line":350,"column":4},"end":{"line":350,"column":21}},"141":{"start":{"line":357,"column":14},"end":{"line":357,"column":43}},"142":{"start":{"line":358,"column":4},"end":{"line":358,"column":29}},"143":{"start":{"line":368,"column":15},"end":{"line":368,"column":26}},"144":{"start":{"line":369,"column":15},"end":{"line":369,"column":26}},"145":{"start":{"line":371,"column":15},"end":{"line":371,"column":72}},"146":{"start":{"line":372,"column":4},"end":{"line":372,"column":30}},"147":{"start":{"line":346,"column":0},"end":{"line":346,"column":13}},"148":{"start":{"line":382,"column":2},"end":{"line":382,"column":35}},"149":{"start":{"line":382,"column":26},"end":{"line":382,"column":35}},"150":{"start":{"line":384,"column":23},"end":{"line":384,"column":49}},"151":{"start":{"line":384,"column":40},"end":{"line":384,"column":48}},"152":{"start":{"line":385,"column":15},"end":{"line":385,"column":80}},"153":{"start":{"line":385,"column":47},"end":{"line":385,"column":54}},"154":{"start":{"line":387,"column":23},"end":{"line":387,"column":67}},"155":{"start":{"line":387,"column":45},"end":{"line":387,"column":66}},"156":{"start":{"line":388,"column":19},"end":{"line":388,"column":92}},"157":{"start":{"line":388,"column":52},"end":{"line":388,"column":60}},"158":{"start":{"line":389,"column":26},"end":{"line":389,"column":45}},"159":{"start":{"line":392,"column":31},"end":{"line":392,"column":63}},"160":{"start":{"line":394,"column":2},"end":{"line":394,"column":58}},"161":{"start":{"line":407,"column":2},"end":{"line":407,"column":37}},"162":{"start":{"line":407,"column":28},"end":{"line":407,"column":37}},"163":{"start":{"line":409,"column":23},"end":{"line":409,"column":49}},"164":{"start":{"line":409,"column":40},"end":{"line":409,"column":48}},"165":{"start":{"line":410,"column":20},"end":{"line":410,"column":85}},"166":{"start":{"line":410,"column":52},"end":{"line":410,"column":59}},"167":{"start":{"line":413,"column":28},"end":{"line":413,"column":65}},"168":{"start":{"line":416,"column":24},"end":{"line":416,"column":68}},"169":{"start":{"line":416,"column":46},"end":{"line":416,"column":67}},"170":{"start":{"line":417,"column":26},"end":{"line":417,"column":93}},"171":{"start":{"line":417,"column":59},"end":{"line":417,"column":66}},"172":{"start":{"line":420,"column":23},"end":{"line":420,"column":72}},"173":{"start":{"line":420,"column":45},"end":{"line":420,"column":71}},"174":{"start":{"line":421,"column":19},"end":{"line":421,"column":92}},"175":{"start":{"line":421,"column":52},"end":{"line":421,"column":60}},"176":{"start":{"line":422,"column":17},"end":{"line":422,"column":36}},"177":{"start":{"line":424,"column":2},"end":{"line":424,"column":29}},"178":{"start":{"line":424,"column":20},"end":{"line":424,"column":29}},"179":{"start":{"line":427,"column":33},"end":{"line":427,"column":54}},"180":{"start":{"line":428,"column":27},"end":{"line":428,"column":50}},"181":{"start":{"line":430,"column":22},"end":{"line":430,"column":63}},"182":{"start":{"line":432,"column":2},"end":{"line":432,"column":49}}},"fnMap":{"0":{"name":"calculateReturns","decl":{"start":{"line":50,"column":16},"end":{"line":50,"column":32}},"loc":{"start":{"line":50,"column":52},"end":{"line":70,"column":1}}},"1":{"name":"(anonymous_1)","decl":{"start":{"line":53,"column":40},"end":{"line":53,"column":41}},"loc":{"start":{"line":53,"column":50},"end":{"line":53,"column":85}}},"2":{"name":"calculateCAGR","decl":{"start":{"line":79,"column":16},"end":{"line":79,"column":29}},"loc":{"start":{"line":79,"column":81},"end":{"line":91,"column":1}}},"3":{"name":"calculateRollingAlpha","decl":{"start":{"line":100,"column":16},"end":{"line":100,"column":37}},"loc":{"start":{"line":102,"column":32},"end":{"line":141,"column":1}}},"4":{"name":"calculateMaxDrawdown","decl":{"start":{"line":148,"column":16},"end":{"line":148,"column":36}},"loc":{"start":{"line":148,"column":56},"end":{"line":193,"column":1}}},"5":{"name":"(anonymous_5)","decl":{"start":{"line":153,"column":40},"end":{"line":153,"column":41}},"loc":{"start":{"line":153,"column":50},"end":{"line":153,"column":85}}},"6":{"name":"calculateHitRatio","decl":{"start":{"line":200,"column":16},"end":{"line":200,"column":33}},"loc":{"start":{"line":200,"column":55},"end":{"line":207,"column":1}}},"7":{"name":"(anonymous_7)","decl":{"start":{"line":203,"column":41},"end":{"line":203,"column":42}},"loc":{"start":{"line":203,"column":46},"end":{"line":203,"column":58}}},"8":{"name":"calculateSortinoRatio","decl":{"start":{"line":215,"column":16},"end":{"line":215,"column":37}},"loc":{"start":{"line":217,"column":26},"end":{"line":241,"column":1}}},"9":{"name":"(anonymous_9)","decl":{"start":{"line":221,"column":35},"end":{"line":221,"column":36}},"loc":{"start":{"line":221,"column":40},"end":{"line":221,"column":48}}},"10":{"name":"(anonymous_10)","decl":{"start":{"line":222,"column":40},"end":{"line":222,"column":41}},"loc":{"start":{"line":222,"column":52},"end":{"line":222,"column":59}}},"11":{"name":"(anonymous_11)","decl":{"start":{"line":225,"column":46},"end":{"line":225,"column":47}},"loc":{"start":{"line":225,"column":51},"end":{"line":225,"column":67}}},"12":{"name":"(anonymous_12)","decl":{"start":{"line":228,"column":46},"end":{"line":228,"column":47}},"loc":{"start":{"line":228,"column":51},"end":{"line":228,"column":80}}},"13":{"name":"(anonymous_13)","decl":{"start":{"line":229,"column":50},"end":{"line":229,"column":51}},"loc":{"start":{"line":229,"column":63},"end":{"line":229,"column":71}}},"14":{"name":"calculateInformationRatio","decl":{"start":{"line":249,"column":16},"end":{"line":249,"column":41}},"loc":{"start":{"line":251,"column":32},"end":{"line":281,"column":1}}},"15":{"name":"(anonymous_15)","decl":{"start":{"line":265,"column":47},"end":{"line":265,"column":48}},"loc":{"start":{"line":265,"column":59},"end":{"line":265,"column":66}}},"16":{"name":"(anonymous_16)","decl":{"start":{"line":268,"column":41},"end":{"line":268,"column":42}},"loc":{"start":{"line":268,"column":46},"end":{"line":268,"column":78}}},"17":{"name":"(anonymous_17)","decl":{"start":{"line":269,"column":39},"end":{"line":269,"column":40}},"loc":{"start":{"line":269,"column":52},"end":{"line":269,"column":60}}},"18":{"name":"alignReturnSeries","decl":{"start":{"line":288,"column":9},"end":{"line":288,"column":26}},"loc":{"start":{"line":290,"column":23},"end":{"line":313,"column":1}}},"19":{"name":"(anonymous_19)","decl":{"start":{"line":292,"column":39},"end":{"line":292,"column":40}},"loc":{"start":{"line":292,"column":44},"end":{"line":292,"column":69}}},"20":{"name":"(anonymous_20)","decl":{"start":{"line":293,"column":39},"end":{"line":293,"column":40}},"loc":{"start":{"line":293,"column":44},"end":{"line":293,"column":69}}},"21":{"name":"(anonymous_21)","decl":{"start":{"line":295,"column":57},"end":{"line":295,"column":61}},"loc":{"start":{"line":295,"column":65},"end":{"line":295,"column":83}}},"22":{"name":"calculatePeriodAlpha","decl":{"start":{"line":318,"column":9},"end":{"line":318,"column":29}},"loc":{"start":{"line":321,"column":18},"end":{"line":341,"column":1}}},"23":{"name":"(anonymous_23)","decl":{"start":{"line":327,"column":52},"end":{"line":327,"column":53}},"loc":{"start":{"line":327,"column":64},"end":{"line":327,"column":84}}},"24":{"name":"(anonymous_24)","decl":{"start":{"line":328,"column":52},"end":{"line":328,"column":53}},"loc":{"start":{"line":328,"column":64},"end":{"line":328,"column":84}}},"25":{"name":"(anonymous_25)","decl":{"start":{"line":349,"column":2},"end":{"line":349,"column":14}},"loc":{"start":{"line":349,"column":26},"end":{"line":351,"column":3}}},"26":{"name":"(anonymous_26)","decl":{"start":{"line":356,"column":2},"end":{"line":356,"column":6}},"loc":{"start":{"line":356,"column":6},"end":{"line":359,"column":3}}},"27":{"name":"(anonymous_27)","decl":{"start":{"line":366,"column":2},"end":{"line":366,"column":14}},"loc":{"start":{"line":366,"column":51},"end":{"line":373,"column":3}}},"28":{"name":"calculateVolatility","decl":{"start":{"line":381,"column":16},"end":{"line":381,"column":35}},"loc":{"start":{"line":381,"column":57},"end":{"line":395,"column":1}}},"29":{"name":"(anonymous_29)","decl":{"start":{"line":384,"column":35},"end":{"line":384,"column":36}},"loc":{"start":{"line":384,"column":40},"end":{"line":384,"column":48}}},"30":{"name":"(anonymous_30)","decl":{"start":{"line":385,"column":35},"end":{"line":385,"column":36}},"loc":{"start":{"line":385,"column":47},"end":{"line":385,"column":54}}},"31":{"name":"(anonymous_31)","decl":{"start":{"line":387,"column":40},"end":{"line":387,"column":41}},"loc":{"start":{"line":387,"column":45},"end":{"line":387,"column":66}}},"32":{"name":"(anonymous_32)","decl":{"start":{"line":388,"column":39},"end":{"line":388,"column":40}},"loc":{"start":{"line":388,"column":52},"end":{"line":388,"column":60}}},"33":{"name":"calculateSharpeRatio","decl":{"start":{"line":403,"column":16},"end":{"line":403,"column":36}},"loc":{"start":{"line":405,"column":29},"end":{"line":433,"column":1}}},"34":{"name":"(anonymous_34)","decl":{"start":{"line":409,"column":35},"end":{"line":409,"column":36}},"loc":{"start":{"line":409,"column":40},"end":{"line":409,"column":48}}},"35":{"name":"(anonymous_35)","decl":{"start":{"line":410,"column":40},"end":{"line":410,"column":41}},"loc":{"start":{"line":410,"column":52},"end":{"line":410,"column":59}}},"36":{"name":"(anonymous_36)","decl":{"start":{"line":416,"column":41},"end":{"line":416,"column":42}},"loc":{"start":{"line":416,"column":46},"end":{"line":416,"column":67}}},"37":{"name":"(anonymous_37)","decl":{"start":{"line":417,"column":47},"end":{"line":417,"column":48}},"loc":{"start":{"line":417,"column":59},"end":{"line":417,"column":66}}},"38":{"name":"(anonymous_38)","decl":{"start":{"line":420,"column":40},"end":{"line":420,"column":41}},"loc":{"start":{"line":420,"column":45},"end":{"line":420,"column":71}}},"39":{"name":"(anonymous_39)","decl":{"start":{"line":421,"column":39},"end":{"line":421,"column":40}},"loc":{"start":{"line":421,"column":52},"end":{"line":421,"column":60}}}},"branchMap":{"0":{"loc":{"start":{"line":51,"column":2},"end":{"line":51,"column":35}},"type":"if","locations":[{"start":{"line":51,"column":2},"end":{"line":51,"column":35}}]},"1":{"loc":{"start":{"line":60,"column":4},"end":{"line":66,"column":5}},"type":"if","locations":[{"start":{"line":60,"column":4},"end":{"line":66,"column":5}}]},"2":{"loc":{"start":{"line":80,"column":2},"end":{"line":82,"column":3}},"type":"if","locations":[{"start":{"line":80,"column":2},"end":{"line":82,"column":3}}]},"3":{"loc":{"start":{"line":80,"column":6},"end":{"line":80,"column":52}},"type":"binary-expr","locations":[{"start":{"line":80,"column":6},"end":{"line":80,"column":21}},{"start":{"line":80,"column":25},"end":{"line":80,"column":38}},{"start":{"line":80,"column":42},"end":{"line":80,"column":52}}]},"4":{"loc":{"start":{"line":120,"column":21},"end":{"line":122,"column":12}},"type":"cond-expr","locations":[{"start":{"line":121,"column":8},"end":{"line":121,"column":72}},{"start":{"line":122,"column":8},"end":{"line":122,"column":12}}]},"5":{"loc":{"start":{"line":124,"column":21},"end":{"line":126,"column":12}},"type":"cond-expr","locations":[{"start":{"line":125,"column":8},"end":{"line":125,"column":72}},{"start":{"line":126,"column":8},"end":{"line":126,"column":12}}]},"6":{"loc":{"start":{"line":128,"column":22},"end":{"line":130,"column":12}},"type":"cond-expr","locations":[{"start":{"line":129,"column":8},"end":{"line":129,"column":73}},{"start":{"line":130,"column":8},"end":{"line":130,"column":12}}]},"7":{"loc":{"start":{"line":149,"column":2},"end":{"line":151,"column":3}},"type":"if","locations":[{"start":{"line":149,"column":2},"end":{"line":151,"column":3}}]},"8":{"loc":{"start":{"line":164,"column":4},"end":{"line":167,"column":5}},"type":"if","locations":[{"start":{"line":164,"column":4},"end":{"line":167,"column":5}}]},"9":{"loc":{"start":{"line":170,"column":28},"end":{"line":170,"column":70}},"type":"cond-expr","locations":[{"start":{"line":170,"column":39},"end":{"line":170,"column":66}},{"start":{"line":170,"column":69},"end":{"line":170,"column":70}}]},"10":{"loc":{"start":{"line":177,"column":4},"end":{"line":181,"column":5}},"type":"if","locations":[{"start":{"line":177,"column":4},"end":{"line":181,"column":5}}]},"11":{"loc":{"start":{"line":184,"column":23},"end":{"line":184,"column":79}},"type":"binary-expr","locations":[{"start":{"line":184,"column":23},"end":{"line":184,"column":74}},{"start":{"line":184,"column":78},"end":{"line":184,"column":79}}]},"12":{"loc":{"start":{"line":201,"column":2},"end":{"line":201,"column":37}},"type":"if","locations":[{"start":{"line":201,"column":2},"end":{"line":201,"column":37}}]},"13":{"loc":{"start":{"line":217,"column":2},"end":{"line":217,"column":26}},"type":"default-arg","locations":[{"start":{"line":217,"column":25},"end":{"line":217,"column":26}}]},"14":{"loc":{"start":{"line":219,"column":2},"end":{"line":219,"column":37}},"type":"if","locations":[{"start":{"line":219,"column":2},"end":{"line":219,"column":37}}]},"15":{"loc":{"start":{"line":226,"column":2},"end":{"line":226,"column":52}},"type":"if","locations":[{"start":{"line":226,"column":2},"end":{"line":226,"column":52}}]},"16":{"loc":{"start":{"line":232,"column":2},"end":{"line":232,"column":47}},"type":"if","locations":[{"start":{"line":232,"column":2},"end":{"line":232,"column":47}}]},"17":{"loc":{"start":{"line":255,"column":2},"end":{"line":255,"column":51}},"type":"if","locations":[{"start":{"line":255,"column":2},"end":{"line":255,"column":51}}]},"18":{"loc":{"start":{"line":272,"column":2},"end":{"line":272,"column":36}},"type":"if","locations":[{"start":{"line":272,"column":2},"end":{"line":272,"column":36}}]},"19":{"loc":{"start":{"line":366,"column":15},"end":{"line":366,"column":31}},"type":"default-arg","locations":[{"start":{"line":366,"column":30},"end":{"line":366,"column":31}}]},"20":{"loc":{"start":{"line":366,"column":33},"end":{"line":366,"column":51}},"type":"default-arg","locations":[{"start":{"line":366,"column":50},"end":{"line":366,"column":51}}]},"21":{"loc":{"start":{"line":382,"column":2},"end":{"line":382,"column":35}},"type":"if","locations":[{"start":{"line":382,"column":2},"end":{"line":382,"column":35}}]},"22":{"loc":{"start":{"line":405,"column":2},"end":{"line":405,"column":29}},"type":"default-arg","locations":[{"start":{"line":405,"column":25},"end":{"line":405,"column":29}}]},"23":{"loc":{"start":{"line":407,"column":2},"end":{"line":407,"column":37}},"type":"if","locations":[{"start":{"line":407,"column":2},"end":{"line":407,"column":37}}]},"24":{"loc":{"start":{"line":424,"column":2},"end":{"line":424,"column":29}},"type":"if","locations":[{"start":{"line":424,"column":2},"end":{"line":424,"column":29}}]}},"s":{"0":1,"1":1,"2":1,"3":1,"4":1,"5":1,"6":1,"7":1,"8":1,"9":1,"10":1,"11":1,"12":6,"13":2,"14":4,"15":10,"16":4,"17":4,"18":4,"19":8,"20":8,"21":8,"22":7,"23":7,"24":4,"25":14,"26":4,"27":10,"28":10,"29":10,"30":10,"31":2,"32":2,"33":2,"34":2,"35":2,"36":2,"37":2872,"38":2872,"39":2872,"40":2872,"41":2872,"42":2,"43":5,"44":1,"45":4,"46":17,"47":4,"48":4,"49":4,"50":4,"51":4,"52":4,"53":4,"54":21,"55":6,"56":6,"57":21,"58":21,"59":21,"60":7,"61":7,"62":7,"63":4,"64":4,"65":5,"66":1,"67":4,"68":17,"69":4,"70":4,"71":5,"72":1,"73":4,"74":19,"75":4,"76":19,"77":4,"78":19,"79":4,"80":1,"81":3,"82":6,"83":3,"84":6,"85":3,"86":3,"87":0,"88":3,"89":3,"90":3,"91":3,"92":4,"93":4,"94":1,"95":3,"96":3,"97":3,"98":11,"99":11,"100":3,"101":11,"102":3,"103":11,"104":3,"105":11,"106":3,"107":3,"108":1,"109":2,"110":2,"111":2,"112":2,"113":6,"114":2885,"115":6,"116":2884,"117":6,"118":2885,"119":6,"120":6,"121":6,"122":6,"123":2883,"124":2883,"125":2883,"126":2883,"127":6,"128":3783,"129":3783,"130":3783,"131":4068792,"132":3783,"133":4068792,"134":3783,"135":3783,"136":3783,"137":3783,"138":3783,"139":3783,"140":5,"141":2220,"142":2220,"143":1000,"144":1000,"145":1000,"146":1000,"147":1,"148":3,"149":1,"150":2,"151":10,"152":2,"153":10,"154":2,"155":10,"156":2,"157":10,"158":2,"159":2,"160":2,"161":5,"162":1,"163":4,"164":16,"165":4,"166":16,"167":4,"168":4,"169":16,"170":4,"171":16,"172":4,"173":16,"174":4,"175":16,"176":4,"177":4,"178":1,"179":3,"180":3,"181":3,"182":3},"f":{"0":6,"1":10,"2":14,"3":2,"4":5,"5":17,"6":5,"7":17,"8":5,"9":19,"10":19,"11":19,"12":6,"13":6,"14":4,"15":11,"16":11,"17":11,"18":6,"19":2885,"20":2884,"21":2885,"22":3783,"23":4068792,"24":4068792,"25":5,"26":2220,"27":1000,"28":3,"29":10,"30":10,"31":10,"32":10,"33":5,"34":16,"35":16,"36":16,"37":16,"38":16,"39":16},"b":{"0":[2],"1":[7],"2":[4],"3":[14,12,11],"4":[2017,855],"5":[1513,1359],"6":[253,2619],"7":[1],"8":[6],"9":[21,0],"10":[7],"11":[4,1],"12":[1],"13":[0],"14":[1],"15":[1],"16":[0],"17":[1],"18":[1],"19":[0],"20":[0],"21":[1],"22":[0],"23":[1],"24":[1]}}
}
