TN:
SF:src/index.ts
FN:1,hello
FNF:1
FNH:1
FNDA:1,hello
DA:1,1
DA:2,1
LF:2
LH:2
BRF:0
BRH:0
end_of_record
TN:
SF:src/utils/performance.ts
FN:9,cagr
FN:14,(anonymous_1)
FN:28,rollingAlpha
FN:74,maxDrawdown
FN:89,hitRatio
FN:91,(anonymous_5)
FN:98,sortinoRatio
FN:106,(anonymous_7)
FN:108,(anonymous_8)
FN:119,informationRatio
FN:128,(anonymous_10)
FN:140,validateReturns
FN:144,(anonymous_12)
FN:149,validateSameLength
FN:157,populationStdDev
FN:160,(anonymous_15)
FN:164,alphaFromProducts
FNF:17
FNH:17
FNDA:3,cagr
FNDA:36,(anonymous_1)
FNDA:3,rollingAlpha
FNDA:2,maxDrawdown
FNDA:2,hitRatio
FNDA:48,(anonymous_5)
FNDA:2,sortinoRatio
FNDA:48,(anonymous_7)
FNDA:48,(anonymous_8)
FNDA:2,informationRatio
FNDA:40,(anonymous_10)
FNDA:19,validateReturns
FNDA:479,(anonymous_12)
FNDA:5,validateSameLength
FNDA:3,populationStdDev
FNDA:50,(anonymous_15)
FNDA:38,alphaFromProducts
DA:1,1
DA:9,1
DA:10,3
DA:11,1
DA:12,0
DA:14,36
DA:15,1
DA:16,1
DA:17,1
DA:28,1
DA:34,3
DA:35,2
DA:36,0
DA:39,2
DA:40,2
DA:41,0
DA:44,2
DA:45,2
DA:46,2
DA:49,2
DA:50,72
DA:51,72
DA:53,2
DA:56,2
DA:57,36
DA:59,36
DA:60,36
DA:62,36
DA:63,36
DA:65,36
DA:67,2
DA:74,1
DA:75,2
DA:76,2
DA:77,2
DA:78,2
DA:79,2
DA:80,48
DA:81,48
DA:82,48
DA:83,48
DA:85,2
DA:89,1
DA:90,2
DA:91,48
DA:92,2
DA:98,1
DA:99,2
DA:100,2
DA:101,0
DA:103,2
DA:104,0
DA:106,48
DA:107,2
DA:108,48
DA:109,2
DA:110,1
DA:111,1
DA:112,1
DA:113,1
DA:119,1
DA:124,2
DA:125,2
DA:126,0
DA:128,40
DA:129,2
DA:130,2
DA:131,2
DA:132,1
DA:133,1
DA:134,1
DA:141,19
DA:142,2
DA:144,479
DA:145,0
DA:150,5
DA:151,5
DA:152,5
DA:153,1
DA:158,3
DA:159,3
DA:160,50
DA:161,3
DA:170,38
DA:171,38
DA:172,38
LF:86
LH:79
BRDA:11,0,0,0
BRDA:11,1,0,1
BRDA:11,1,1,1
BRDA:16,2,0,0
BRDA:35,3,0,0
BRDA:35,4,0,2
BRDA:35,4,1,2
BRDA:40,5,0,0
BRDA:81,6,0,21
BRDA:83,7,0,3
BRDA:98,8,0,0
BRDA:100,9,0,0
BRDA:103,10,0,0
BRDA:103,11,0,2
BRDA:103,11,1,2
BRDA:109,12,0,1
BRDA:125,13,0,0
BRDA:125,14,0,2
BRDA:125,14,1,2
BRDA:131,15,0,1
BRDA:141,16,0,2
BRDA:141,17,0,19
BRDA:141,17,1,19
BRDA:144,18,0,0
BRDA:152,19,0,1
BRDA:158,20,0,0
BRF:26
BRH:16
end_of_record
