TN:
SF:src/utils/performance.ts
FN:41,calculateReturns
FN:44,(anonymous_1)
FN:78,calculateCAGR
FN:99,calculateRollingAlpha
FN:147,calculateMaxDrawdown
FN:152,(anonymous_5)
FN:199,calculateHitRatio
FN:202,(anonymous_7)
FN:214,calculateSortinoRatio
FN:220,(anonymous_9)
FN:221,(anonymous_10)
FN:224,(anonymous_11)
FN:227,(anonymous_12)
FN:228,(anonymous_13)
FN:248,calculateInformationRatio
FN:264,(anonymous_15)
FN:267,(anonymous_16)
FN:268,(anonymous_17)
FN:287,alignReturnSeries
FN:291,(anonymous_19)
FN:292,(anonymous_20)
FN:294,(anonymous_21)
FN:317,calculatePeriodAlpha
FN:326,(anonymous_23)
FN:327,(anonymous_24)
FN:348,(anonymous_25)
FN:355,(anonymous_26)
FN:365,(anonymous_27)
FN:380,calculateVolatility
FN:383,(anonymous_29)
FN:384,(anonymous_30)
FN:386,(anonymous_31)
FN:387,(anonymous_32)
FN:402,calculateSharpeRatio
FN:408,(anonymous_34)
FN:409,(anonymous_35)
FN:415,(anonymous_36)
FN:416,(anonymous_37)
FN:419,(anonymous_38)
FN:420,(anonymous_39)
FNF:40
FNH:40
FNDA:6,calculateReturns
FNDA:10,(anonymous_1)
FNDA:14,calculateCAGR
FNDA:2,calculateRollingAlpha
FNDA:5,calculateMaxDrawdown
FNDA:17,(anonymous_5)
FNDA:5,calculateHitRatio
FNDA:17,(anonymous_7)
FNDA:5,calculateSortinoRatio
FNDA:19,(anonymous_9)
FNDA:19,(anonymous_10)
FNDA:19,(anonymous_11)
FNDA:6,(anonymous_12)
FNDA:6,(anonymous_13)
FNDA:4,calculateInformationRatio
FNDA:11,(anonymous_15)
FNDA:11,(anonymous_16)
FNDA:11,(anonymous_17)
FNDA:6,alignReturnSeries
FNDA:2885,(anonymous_19)
FNDA:2884,(anonymous_20)
FNDA:2885,(anonymous_21)
FNDA:3783,calculatePeriodAlpha
FNDA:4068792,(anonymous_23)
FNDA:4068792,(anonymous_24)
FNDA:5,(anonymous_25)
FNDA:2220,(anonymous_26)
FNDA:1000,(anonymous_27)
FNDA:3,calculateVolatility
FNDA:10,(anonymous_29)
FNDA:10,(anonymous_30)
FNDA:10,(anonymous_31)
FNDA:10,(anonymous_32)
FNDA:5,calculateSharpeRatio
FNDA:16,(anonymous_34)
FNDA:16,(anonymous_35)
FNDA:16,(anonymous_36)
FNDA:16,(anonymous_37)
FNDA:16,(anonymous_38)
FNDA:16,(anonymous_39)
DA:41,1
DA:42,6
DA:44,10
DA:45,4
DA:47,4
DA:48,8
DA:49,8
DA:52,8
DA:53,1
DA:55,0
DA:57,1
DA:59,7
DA:62,8
DA:68,4
DA:78,1
DA:79,14
DA:80,4
DA:84,10
DA:85,10
DA:86,10
DA:89,10
DA:99,1
DA:103,2
DA:106,2
DA:109,2
DA:110,2
DA:116,2
DA:117,2872
DA:119,2872
DA:123,2872
DA:127,2872
DA:131,2872
DA:139,2
DA:147,1
DA:148,5
DA:149,1
DA:152,17
DA:154,4
DA:155,4
DA:156,4
DA:157,4
DA:158,4
DA:159,4
DA:161,4
DA:163,21
DA:164,6
DA:165,6
DA:169,21
DA:170,21
DA:176,21
DA:177,7
DA:178,7
DA:179,7
DA:183,4
DA:185,4
DA:199,1
DA:200,5
DA:202,17
DA:203,4
DA:205,4
DA:214,1
DA:218,5
DA:220,19
DA:221,19
DA:224,19
DA:225,4
DA:227,6
DA:228,6
DA:229,3
DA:231,3
DA:234,3
DA:235,3
DA:237,3
DA:239,3
DA:248,1
DA:252,4
DA:254,4
DA:257,3
DA:258,3
DA:259,11
DA:260,11
DA:264,11
DA:267,11
DA:268,11
DA:269,3
DA:271,3
DA:274,2
DA:275,2
DA:277,2
DA:279,2
DA:291,2885
DA:292,2884
DA:294,2885
DA:295,6
DA:297,6
DA:298,6
DA:300,6
DA:301,2883
DA:302,2883
DA:304,2883
DA:305,2883
DA:308,6
DA:322,3783
DA:323,3783
DA:326,4068792
DA:327,4068792
DA:330,3783
DA:331,3783
DA:333,3783
DA:334,3783
DA:337,3783
DA:339,3783
DA:345,1
DA:349,5
DA:356,2220
DA:357,2220
DA:367,1000
DA:368,1000
DA:370,1000
DA:371,1000
DA:380,1
DA:381,3
DA:383,10
DA:384,10
DA:386,10
DA:387,10
DA:388,2
DA:391,2
DA:393,2
DA:402,1
DA:406,5
DA:408,16
DA:409,16
DA:412,4
DA:415,16
DA:416,16
DA:419,16
DA:420,16
DA:421,4
DA:423,4
DA:426,3
DA:427,3
DA:429,3
DA:431,3
LF:144
LH:143
BRDA:42,0,0,2
BRDA:52,1,0,1
BRDA:52,1,1,7
BRDA:53,2,0,0
BRDA:57,3,0,1
BRDA:57,3,1,0
BRDA:79,4,0,4
BRDA:79,5,0,14
BRDA:79,5,1,12
BRDA:79,5,2,11
BRDA:119,6,0,2017
BRDA:119,6,1,855
BRDA:123,7,0,1513
BRDA:123,7,1,1359
BRDA:127,8,0,253
BRDA:127,8,1,2619
BRDA:148,9,0,1
BRDA:163,10,0,6
BRDA:169,11,0,21
BRDA:169,11,1,0
BRDA:176,12,0,7
BRDA:183,13,0,4
BRDA:183,13,1,1
BRDA:200,14,0,1
BRDA:216,15,0,0
BRDA:218,16,0,1
BRDA:225,17,0,1
BRDA:231,18,0,0
BRDA:254,19,0,1
BRDA:271,20,0,1
BRDA:365,21,0,0
BRDA:365,22,0,0
BRDA:381,23,0,1
BRDA:404,24,0,0
BRDA:406,25,0,1
BRDA:423,26,0,1
BRF:36
BRH:28
end_of_record
